<?xml version="1.0" encoding="UTF-8"?>
<testng-results skipped="0" failed="0" ignored="0" total="1" passed="1">
  <reporter-output>
  </reporter-output>
  <suite name="Default suite" duration-ms="2092" started-at="2018-11-09T08:55:32Z" finished-at="2018-11-09T08:55:35Z">
    <groups>
    </groups>
    <test name="Default test" duration-ms="2092" started-at="2018-11-09T08:55:32Z" finished-at="2018-11-09T08:55:35Z">
      <class name="PDFReaderTest">
        <test-method status="PASS" signature="readPDFTest()[pri:0, instance:PDFReaderTest@28feb3fa]" name="readPDFTest" duration-ms="2055" started-at="2018-11-09T08:55:32Z" finished-at="2018-11-09T08:55:35Z">
          <reporter-output>
          </reporter-output>
        </test-method> <!-- readPDFTest -->
      </class> <!-- PDFReaderTest -->
    </test> <!-- Default test -->
  </suite> <!-- Default suite -->
</testng-results>
